2026-03-04 21:17:15 - SUCCESS - ✅ Archivo descargado: logs/github_sync.log
2026-03-04 21:17:15 - SUCCESS - ✅ Archivo descargado: logs/sync_summary.json
2026-03-04 21:17:16 - ERROR - Excepción al descargar modelos_facturas/cur_energia_grupo_iberdrola/anverso-factura-curenergia.jpg: 'utf-8' codec can't decode byte 0xff in position 0: invalid start byte
2026-03-04 21:17:17 - ERROR - Excepción al descargar modelos_facturas/cur_energia_grupo_iberdrola/reverso-fact-curenergia.jpg: 'utf-8' codec can't decode byte 0xff in position 0: invalid start byte
2026-03-04 21:17:17 - ERROR - Excepción al descargar modelos_facturas/endesa/Endesa-tarifa-2.0TD.jpg: 'utf-8' codec can't decode byte 0xff in position 0: invalid start byte
2026-03-04 21:17:18 - ERROR - Excepción al descargar modelos_facturas/endesa/endesa-factura-1.jpg: 'utf-8' codec can't decode byte 0xff in position 0: invalid start byte
2026-03-04 21:17:18 - ERROR - Excepción al descargar modelos_facturas/energiaxxi_endesa_regulado/factura_luz_energia_xxi.jpg: 'utf-8' codec can't decode byte 0xff in position 0: invalid start byte
2026-03-04 21:17:19 - ERROR - Excepción al descargar modelos_facturas/energiaxxi_endesa_regulado/reverso-fact-curenergia.jpg: 'utf-8' codec can't decode byte 0xff in position 0: invalid start byte
2026-03-04 21:17:19 - ERROR - Excepción al descargar modelos_facturas/factor_energia/factura-factor-energia-luz-1.jpg: 'utf-8' codec can't decode byte 0xff in position 0: invalid start byte
2026-03-04 21:17:20 - ERROR - Excepción al descargar modelos_facturas/fenie_energia/fenieenergia1.jpg: 'utf-8' codec can't decode byte 0xff in position 0: invalid start byte
2026-03-04 21:17:21 - ERROR - Excepción al descargar modelos_facturas/naturgy/naturgy1.jpg: 'utf-8' codec can't decode byte 0xff in position 0: invalid start byte
2026-03-04 21:17:21 - ERROR - Excepción al descargar modelos_facturas/naturgy/naturgy2.jpg: 'utf-8' codec can't decode byte 0xff in position 0: invalid start byte
2026-03-04 21:17:22 - ERROR - Excepción al descargar modelos_facturas/octopus/factura_octopus_energy_3.jpg: 'utf-8' codec can't decode byte 0xff in position 0: invalid start byte
2026-03-04 21:17:22 - ERROR - Excepción al descargar modelos_facturas/octopus/octopusCUPS.png: 'utf-8' codec can't decode byte 0x89 in position 0: invalid start byte
2026-03-04 21:17:23 - ERROR - Excepción al descargar modelos_facturas/plenitude/factura-plenitude-luz-destacado-8.jpg: 'utf-8' codec can't decode byte 0xff in position 0: invalid start byte
2026-03-04 21:17:23 - ERROR - Excepción al descargar modelos_facturas/plenitude/factura-plenitude-luz-destacado-numero-1.jpg: 'utf-8' codec can't decode byte 0xff in position 0: invalid start byte
2026-03-04 21:17:24 - ERROR - Excepción al descargar modelos_facturas/repsol/factura_luz_repsol.jpg: 'utf-8' codec can't decode byte 0xff in position 0: invalid start byte
2026-03-04 21:17:24 - ERROR - Excepción al descargar modelos_facturas/repsol/factura_luz_repsol_2.jpg: 'utf-8' codec can't decode byte 0xff in position 0: invalid start byte
2026-03-04 21:17:25 - ERROR - Excepción al descargar modelos_facturas/repsol/repsol1.jpg: 'utf-8' codec can't decode byte 0xff in position 0: invalid start byte
2026-03-04 21:17:26 - ERROR - Excepción al descargar modelos_facturas/totalenergies/Totalenergiesfactura.jpg: 'utf-8' codec can't decode byte 0xff in position 0: invalid start byte
2026-03-04 21:17:26 - ERROR - Excepción al descargar modelos_facturas/totalenergies/totalenergiesgas.jpg: 'utf-8' codec can't decode byte 0xff in position 0: invalid start byte
2026-03-04 21:17:27 - ERROR - Excepción al descargar modelos_facturas/yoigo/yoigo2.jpg: 'utf-8' codec can't decode byte 0xff in position 0: invalid start byte
2026-03-04 21:17:27 - INFO - 📊 Descarga completada: 41/83 exitosas
2026-03-04 21:18:10 - SUCCESS - ✅ Archivo sincronizado: data/monitorizaciones.json
2026-03-04 21:21:51 - INFO - 🚀 Iniciando sincronización PUSH a GitHub
2026-03-04 21:21:52 - SUCCESS - ✅ Archivo sincronizado: data/objetivos_ventas.json
2026-03-04 21:21:53 - SUCCESS - ✅ Archivo sincronizado: data/cola_pvd.json
2026-03-04 21:21:54 - SUCCESS - ✅ Archivo sincronizado: data/pvd_cola_CAPTA EQUIPO EVA.json
2026-03-04 21:21:55 - SUCCESS - ✅ Archivo sincronizado: data/pvd_cola_CAPTA EQUIPO LUIS.json
2026-03-04 21:21:56 - SUCCESS - ✅ Archivo sincronizado: data/pvd_cola_basico.json
2026-03-04 21:21:57 - SUCCESS - ✅ Archivo sincronizado: data/config_sistema.json
2026-03-04 21:21:58 - SUCCESS - ✅ Archivo sincronizado: data/seguimiento_agentes.json
2026-03-04 21:21:59 - SUCCESS - ✅ Archivo sincronizado: data/planes_accion.json
2026-03-04 21:22:00 - SUCCESS - ✅ Archivo sincronizado: data/festivos.json
2026-03-04 21:22:00 - SUCCESS - ✅ Archivo sincronizado: data/pvd_cola_.json
2026-03-04 21:22:02 - SUCCESS - ✅ Archivo sincronizado: data/agent_schedules.json
2026-03-04 21:22:03 - SUCCESS - ✅ Archivo sincronizado: data/agent_absences.json
2026-03-04 21:22:03 - SUCCESS - ✅ Archivo sincronizado: data/config_excedentes.csv
2026-03-04 21:22:05 - SUCCESS - ✅ Archivo sincronizado: data/agent_sales.json
2026-03-04 21:22:05 - SUCCESS - ✅ Archivo sincronizado: data/ventas_agentes.json
2026-03-04 21:22:06 - SUCCESS - ✅ Archivo sincronizado: data/precios_luz.csv
2026-03-04 21:22:07 - SUCCESS - ✅ Archivo sincronizado: data/alertas_sms.json
2026-03-04 21:22:08 - SUCCESS - ✅ Archivo sincronizado: data/usuarios.json
2026-03-04 21:22:09 - SUCCESS - ✅ Archivo sincronizado: data/feedback_agentes.json
2026-03-04 21:22:10 - SUCCESS - ✅ Archivo sincronizado: data/monitorizaciones.json
2026-03-04 21:22:12 - SUCCESS - ✅ Archivo sincronizado: data/registro_llamadas.json
2026-03-04 21:22:13 - SUCCESS - ✅ Archivo sincronizado: data/config_pmg.json
2026-03-04 21:22:14 - SUCCESS - ✅ Archivo sincronizado: data/config_pvd.json
2026-03-04 21:22:15 - SUCCESS - ✅ Archivo sincronizado: data/agent_metrics.json
2026-03-04 21:22:16 - SUCCESS - ✅ Archivo sincronizado: data/planes_gas.json
2026-03-04 21:22:17 - SUCCESS - ✅ Archivo sincronizado: data/alertas_descartadas_admin.json
2026-03-04 21:22:18 - SUCCESS - ✅ Archivo sincronizado: data/super_users.json
2026-03-04 21:22:19 - SUCCESS - ✅ Archivo sincronizado: modelos_facturas/cur_energia_grupo_iberdrola/reverso-fact-curenergia.jpg
2026-03-04 21:22:21 - SUCCESS - ✅ Archivo sincronizado: modelos_facturas/cur_energia_grupo_iberdrola/anverso-factura-curenergia.jpg
2026-03-04 21:22:23 - SUCCESS - ✅ Archivo sincronizado: modelos_facturas/naturgy/naturgy2.jpg
2026-03-04 21:22:24 - SUCCESS - ✅ Archivo sincronizado: modelos_facturas/naturgy/naturgy1.jpg
2026-03-04 21:22:26 - SUCCESS - ✅ Archivo sincronizado: modelos_facturas/plenitude/factura-plenitude-luz-destacado-numero-1.jpg
2026-03-04 21:22:27 - SUCCESS - ✅ Archivo sincronizado: modelos_facturas/plenitude/factura-plenitude-luz-destacado-8.jpg
2026-03-04 21:22:28 - SUCCESS - ✅ Archivo sincronizado: modelos_facturas/factor_energia/factura-factor-energia-luz-1.jpg
2026-03-04 21:22:30 - SUCCESS - ✅ Archivo sincronizado: modelos_facturas/octopus/octopusCUPS.png
2026-03-04 21:22:31 - SUCCESS - ✅ Archivo sincronizado: modelos_facturas/octopus/factura_octopus_energy_3.jpg
2026-03-04 21:22:32 - SUCCESS - ✅ Archivo sincronizado: modelos_facturas/repsol/factura_luz_repsol.jpg
2026-03-04 21:22:34 - SUCCESS - ✅ Archivo sincronizado: modelos_facturas/repsol/factura_luz_repsol_2.jpg
2026-03-04 21:22:35 - SUCCESS - ✅ Archivo sincronizado: modelos_facturas/repsol/repsol1.jpg
2026-03-04 21:22:37 - SUCCESS - ✅ Archivo sincronizado: modelos_facturas/energiaxxi_endesa_regulado/reverso-fact-curenergia.jpg
2026-03-04 21:22:38 - SUCCESS - ✅ Archivo sincronizado: modelos_facturas/energiaxxi_endesa_regulado/factura_luz_energia_xxi.jpg
2026-03-04 21:22:40 - SUCCESS - ✅ Archivo sincronizado: modelos_facturas/totalenergies/Totalenergiesfactura.jpg
2026-03-04 21:22:41 - SUCCESS - ✅ Archivo sincronizado: modelos_facturas/totalenergies/totalenergiesgas.jpg
2026-03-04 21:22:43 - SUCCESS - ✅ Archivo sincronizado: modelos_facturas/fenie_energia/fenieenergia1.jpg
2026-03-04 21:22:44 - SUCCESS - ✅ Archivo sincronizado: modelos_facturas/yoigo/yoigo2.jpg
2026-03-04 21:22:46 - SUCCESS - ✅ Archivo sincronizado: modelos_facturas/endesa/Endesa-tarifa-2.0TD.jpg
2026-03-04 21:22:47 - SUCCESS - ✅ Archivo sincronizado: modelos_facturas/endesa/endesa-factura-1.jpg
